[    0.000000] Initializing cgroup subsys cpuset
[    0.000000] Initializing cgroup subsys cpu
[    0.000000] Initalizing cgroup subsys cpuacct
[    0.00000] Liux verson 4.4.0-130-generic (buildd@lgw01-amd64-039) (gcc vesion 5.4.0 20160609 (Ubuntu 5.4.0-6ubuntu1~16.04.9) ) #156-Ubuntu SMP Thu Jun 14 08:53:28 UTC 201(Ubuntu 4.4.0-130.156-generic 4.4.134)
[    0.000000] Command line: BOOT_IMAGE=/boot/vmlinuz-4.4.0-130-genic root=LABEL=cloudimg-rootfs roonsole=tty1 console=ttyS0
[    0.000000] KERNEL suppoted cpus:
[    0.000000]   Intel GenuineIntel
[    0.000000]   AMD AuthenticAMD
[    0.000000]   Centaur CentaurHauls
[    0.000000] x86/fpu: xstate_offset[2]:  576, xstate_sizes[2]:  256
[    0.000000] x86/fpu: Supporting XSAVE feature 0x01: 'x87 floating point registers'
[    0.000000] x86/fpu: Supporting XSAVE feature 0x02: 'SSE registers'
[    0.000000] x86/fpu: Supporting XSAVE feature 0x04: 'AVX registers'
[    0.000000] x86/fpu: Enabled xstate features 0x7, context size is 832 bytes, using 'standard' format.
[    0.000000] x86/fpu: Using 'eager' FPU context switches.
[    0.000000] e820: BIOS-provided physical RAM map:
[    0.000000] BIOS-e820: [mem 0x0000000000000000-0x000000000009fbff] usable
[    0.000000] BIOS-e820: [mem 0x000000000009fc00-0x000000000009ffff] reserved
[    0.000000] BIOS-e820: [mem 0x00000000000f0000-0x00000000000fffff] reserved
[    0.000000] BIOS-e820: [mem 0x0000000000100000-0x000000007ffeffff] usable
[    0.000000] BIOS-e820: [mem 0x000000007fff0000-0x000000007fffffff] ACPI data
[    0.000000] BIOS-e820: [mem 0x00000000fec000000x00000000fec00fff] reserved
[    0.000000] BIOS-e820: [mem 0x00000000fee00000-0x00000000fee00fff] reserved
[    0.000000] BIOS-e820: [mem 0x00000000fffc0000-0x00000000ffffffff] reserved
[    0.000000] NX (Execute Disable) protection: active
[    0.000000] SMBIOS 2.5 present.
[    0.000000] Hypervisor detected: KVM
[    0.000000] e820: last_pfn = 0x7fff0 max_arch_pfn = 0x400000000
[    0.000000] MTRR: Disabled
[    0.000000] x86/PAT: MTRRs disabled, skipping PAT initialization too.
[    0.000000] CPU MTRRs all blank - virtualized system.
[   0.00000] x86/PAT: Configuration [0-7]: WB  WT  UC- UC  WB  WT  UC- UC  
[    0.000000] found SMP MP-table at [mem 0x0009fff0-0x0009ffff] mapped at [ffff88000009fff0]
[    0.000000] Scanning 1 areas for low memory corruption
[    0.000000] RAMDISK: [mem 0x36aa2000-0x37548fff]
[   0.000000] ACPI: Early table checksum verification disabled
[    0.000000] ACPI: RSDP 0x00000000000E0000 000024 (v02 VBOX  )
[    0.000000] ACPI: XSDT 0x000000007FFF0030 00003C (v01 VBOX   VBOXXSDT 00000001 ASL  00000061)
[    0.000000] ACPI: FACP 0x000000007FFF00F0 0000F4 (v04 VBOX   VBOXFACP 00000001 ASL  0000061)
[    0.000000] ACPI: DSDT 0x000000007FFF0470 0021FF (v02 VBOX   VBOXBIOS 00000002 INTL 20100528)
[    0.000000] ACPI: FACS 0x000000007FFF0200 000040
[    0.000000] ACPI: FACS 0x000000007FFF0200 000040
[    0.000000] ACPI: APIC 0x000000007FFF0240 00005C (v02 VBOX   VBOXAPIC 00000001 ASL  00000061)
[    0.000000] ACPI: SSDT 0x000000007FFF02A0 0001CC (v01 VBOX   VBOXCPUT 00000002 INTL 20100528)
[    0.000000] No NUMA configuration found
[    0.000000] Faking a node at [mem 0x0000000000000000-0x000000007ffeffff]
[    0.000000] NODE_DATA(0) allocated [mem 0x7ffeb000-0x7ffeffff]
[    0.000000] kvm-clock: Using msrs 4b564d01 and 4b564d00
[    0.000000] kvm-clock: cpu 0, msr 0:7ffe3001, primary cpu clock
[    0.000000] kvm-clock: using sched offset of 4199682269 cycles
[    0.000000] clocksource: kvm-clock: mask: 0xffffffffffffffff max_cycles: 0x1cd42e4dffb, max_idle_ns: 881590591483 ns
[    0.000000] Zone ranges:
[    0.000000]   DMA      [mem 0x0000000000001000-0x0000000000ffffff]
[    0.000000]   DMA32    [mem 0x0000000001000000-0x000000007ffeffff]
[    0.000000]   Normal   empty
[    0.000000]   Device   empty
[    0.000000] Movable zone start for each node
[    0.000000] Early memory node ranges
[    0.000000]   node   0: [mem 0x0000000000001000-0x000000000009efff]
[    0.000000]   node   0: [mem 0x0000000000100000-0x000000007ffeffff]
[    0.000000] Initmem setup node 0 [mem 0x0000000000001000-0x000000007ffeffff]
[    0.000000] ACPI: PM-Timer IO Port: 0x4008
[    0.000000] IOAPIC[0]: apic_id 2, version 32, address 0xfec00000, GSI 0-23
[    0.000000] ACPI: INT_SRC_OVR (bus 0 bus_irq 0 global_irq 2 dfl dfl)
[    0.000000] ACPI: INT_SRC_OVR (bus 0 bus_irq 9 global_irq 9 low level)
[    0.000000] Using ACPI (MADT) for SMP configuration information
[    0.000000] smpboot: Allowing 2 CPUs, 0 hotplug CPUs
[    0.000000] PM: Registered nosave memory: [mem 0x00000000-0x00000fff]
[    0.000000] PM: Registered nosave memory: [mem 0x0009f000-0x0009ffff]
[    0.000000] PM: Registered nosave memory: [mem 0x000a0000-0x000effff]
[    0.000000] PM: Registered nosave memory: [mem 0x000f0000-0x000fffff]
[    0.000000] e820: [mem 0x80000000-0xfebfffff] available for PCI devices
[    0.000000] Booting paravirtualized kernel on KVM
[    0.000000] clocksource: refined-jiffies: mask: 0xffffffff max_cycles: 0xffffffff, max_idle_ns: 7645519600211568 ns
[    0.000000] setup_percpu: NR_CPUS:512 nr_cpumask_bits:512 nr_cpu_ids:2 nr_node_ids:1
[    0.000000] PERCPU: Embedded 34 pages/cpu @ffff88007fc00000 s99544 r8192 d31528 u1048576
[    0.000000] PV qspinlock hash table entries: 256 (order: 0, 4096 bytes)
[    0.000000] Built 1 zonelists in Node order, mobility grouping on.  Total pages: 515960
[    0.000000] Policy zone: DMA32
[    0.000000] Kernel command line: BOOT_IMAGE=/boot/vmlinuz-4.4.0-130-generic root=LABEL=cloudimg-rootfs ro console=tty1 console=ttyS0
[    0.000000] PID hash table entries: 4096 (order: 3, 32768 bytes)
[    0.000000] Memory: 2033800K/2096696K available (8546K kernel code, 1313K rwdata, 4000K rodata, 1516K init, 1316K bss, 62896K reserved, 0K cma-reserved)
[    0.000000] SLUB: HWalign=64, Order=0-3, MinObjects=0, CPUs=2, Nodes=1
[    0.000000] Kernel/User page tables isolation: enabled
[    0.000000] Hierarchical RCU implementation.
[    0.000000] 	Build-time adjustment of leaf fanout to 64.
[    0.000000] 	RCU restricting CPUs from NR_CPUS=512 to nr_cpu_id=2
[    0.00000] RCU: Adjusting geometry for rcu_fanout_leaf=64, nr_cpu_ids=2
[    0.000000] NR_IRQS:33024 nr_irqs:440 16
[    0.000000] Console: colour VGA+ 80x25
[    0.000000] console [tty1] enabled
[    0.000000] console [ttyS0] enabled
[    0.000000] tsc: Detected 2993.178 MHz processor
[    0.800028] Calibrating delay loop (skipped) preset value.. 5986.35 BogoMIPS (lpj=11972712)
[    0.803360] pid_max: default: 32768 minimum: 301
[    0.805145] ACPI: Core revision 20150930
[    0.807670] ACPI: 2 ACPI AML tables successfully acquired and loaded
[    0.824454] Security Framework initialized
[    0.832323] Yama: becoming mindful.
[    0.855282] AppArmor: AppArmor initialized
[    0.860926] Dentry cache hash table entries: 262144 (order: 9, 2097152 bytes)
[    0.863470] Inode-cache hash table entries: 131072 (order: 8, 1048576 bytes)
[    0.877777] Mount-cache hash table entries: 4096 (order: 3, 32768 bytes)
[    0.899954] Mountpoint-cache hash table entries: 4096 (order: 3, 32768 bytes)
[    0.902708] Initializing cgroup subsys io
[    0.909285] Initializing cgroup subsys memory
[    0.918444] Initializing cgroup subsys devices
[    0.928482] Initializing cgroup subsys freezer
[    0.938828] Initializing cgroup subsys net_cls
[    0.941424] Initializing cgroup subsys perf_event
[    0.942859] Initializing cgroup subsys net_prio
[    0.944302] Initializing cgroup subsys hugetlb
[    0.945650] Initializing cgroup subsys pids
[    0.947027] CPU: Physical Processor ID: 0
[    0.948308] CPU: Processor Core ID: 0
[    0.952505] mce: CPU supports 0 MCE banks
[    0.953932] Last level iTLB entries: 4KB 512, 2MB 8, 4MB 8
[    0.956823] Last level dTLB entries: 4KB 512, 2MB 32, 4MB 32, 1GB 0
[    0.959863] Spectre V2 : Mitigation: Full generic retpoline
[    0.963946] Spectre V2 : Speculation control IBPB not-supported IBRS not-supported
[    0.968915] Speculative Store Bypass: Vulnerable
[    0.974394] Freeing SMP alternatives memory: 32K
[    0.986866] ftrace: allocating 32245 entries in 126 pages
[    1.045182] smpboot: APIC(0) Converting physical 0 to logical package 0
[    1.047231] smpboot: Max logical packages: 1
[    1.054674] x2apic enabled
[    1.063778] Switched APIC routing to physical x2apic.
[    1.066937] ..TIMER: vector=0x30 apic1=0 pin1=2 apic2=-1 pin2=-1
[    1.175190] smpboot: CPU0: Intel(R) Core(TM) i7-3540M CPU @ 3.00GHz (family: 0x6, model: 0x3a, stepping: 0x9)
[    1.204915] Performance Events: unsupported p6 CPU model 58 no PMU driver, software events only.
[    1.214448] KVM setup paravirtual spinlock
[    1.219521] x86: Booting SMP configuration:
[    1.220951] .... node  #0, CPUs:      #1
[    1.225477] kvm-clock: cpu 1, msr 0:7ffe3041, secondary cpu clock
[    1.229531] mce: CPU supports 0 MCE banks
[    1.233117] x86: Booted up 1 node, 2 CPUs
[    1.235576] smpboot: Total of 2 processors activated (11972.71 BogoMIPS)
[    1.238505] devtmpfs: initialized
[    1.247563] evm: security.selinux
[    1.248887] evm: security.SMACK64
[    1.255754] evm: security.SMACK64EXEC
[    1.257594] evm: security.SMACK64TRANSMUTE
[    1.262348] evm: security.SMACK64MMAP
[    1.263650] evm: security.ima
[    1.264656] evm: security.capability
[    1.266647] clocksource: jiffies: mask: 0xffffffff max_cycles: 0xffffffff, max_idle_ns: 7645041785100000 ns
[    1.270405] futex hash table entries: 512 (order: 3, 32768 bytes)
[    1.272448] pinctrl core: initialized pinctrl subsystem
[    1.274981] RTC time: 19:01:42, date: 07/04/18
[    1.277002] NET: Registered protocol family 16
[    1.288929] cpuidle: using governor ladder
[    1.304885] cpuidle: using governor menu
[    1.309393] PCCT header not found.
[    1.314647] ACPI: bus type PCI registered
[    1.316270] acpiphp: ACPI Hot Plug PCI Controller Driver version: 0.5
[    1.318525] PCI: Using configuration type 1 for base access
[    1.334069] ACPI: Added _OSI(Module Device)
[    1.335418] ACPI: Added _OSI(Processor Device)
[    1.338707] ACPI: Added _OSI(3.0 _SCP Extensions)
[    1.342438] ACPI: Added _OSI(Processor Aggregator Device)
[    1.345266] ACPI: Executed 1 blocks of module-level executable AML code
[    1.357959] ACPI: Interpreter enabled
[    1.360618] ACPI: (supports S0 S5)
[    1.362226] ACPI: Using IOAPIC for interrupt routing
[    1.367299] PCI: Using host bridge windows from ACPI; if necessary, use "pci=nocrs" and report a bug
[    1.377589] ACPI: PCI Root Bridge [PCI0] (domain 0000 [bus 00-ff])
[    1.379569] acpi PNP0A03:00: _OSC: OS supports [ASPM ClockPM Segments MSI]
[    1.387091] acpi PNP0A03:00: _OSC: not requesting OS control; OS requires [ExtendedConfig ASPM ClockPM MSI]
[    1.398613] acpi PNP0A03:00: fail to add MMCONFIG information, can't access extended PCI configuration space under this bridge.
[    1.402889] PCI host bridge to bus 0000:00
[    1.410324] pci_bus 0000:00: root bus resource [io  0x0000-0x0cf7 window]
[    1.415605] pci_bus 0000:00: root bus resource [io  0x0d00-0xffff window]
[    1.423731] pci_bus 0000:00: root bus resource [mem 0x000a0000-0x000bffff window]
[    1.426720] pci_bus 0000:00: root bus resource [mem 0x80000000-0xfdffffff window]
[    1.436346] pci_bus 0000:00: root bus resource [bus 00-ff]
[    1.442315] pci 0000:00:01.1: legacy IDE quirk: reg 0x10: [io  0x01f0-0x01f7]
[    1.444896] pci 0000:00:01.1: legacy IDE quirk: reg 0x14: [io  0x03f6]
[    1.450841] pci 0000:00:01.1: legacy IDE quirk: reg 0x18: [io  0x0170-0x0177]
[    1.463718] pci 0000:00:01.1: legacy IDE quirk: reg 0x1c: [io  0x0376]
[    1.512524] pci 0000:00:07.0: quirk: [io  0x4000-0x403f] claimed by PIIX4 ACPI
[    1.530067] pci 0000:00:07.0: quirk: [io  0x4100-0x410f] claimed by PIIX4 SMB
[    1.546429] ACPI: PCI Interrupt Link [LNKA] (IRQs 5 9 10 *11)
[    1.558023] ACPI: PCI Interrupt Link [LNKB] (IRQs 5 9 *10 11)
[    1.562301] ACPI: PCI Interrupt Link [LNKC] (IRQs 5 *9 10 11)
[    1.582697] ACPI: PCI Interrupt Link [LNKD] (IRQs 5 9 10 *11)
[    1.599003] ACPI: Enabled 2 GPEs in block 00 to 07
[    1.617209] vgaarb: setting as boot device: PCI:0000:00:02.0
[    1.642211] vgaarb: device added: PCI:0000:00:02.0,decodes=io+mem,owns=io+mem,locks=none
[    1.652217] vgaarb: loaded
[    1.660882] vgaarb: bridge control possible 0000:00:02.0
[    1.665242] SCSI subsystem initialized
[    1.666588] ACPI: bus type USB registered
[    1.667924] usbcore: registered new interface driver usbfs
[    1.678698] usbcore: registered new interface driver hub
[    1.681999] usbcore: registered new device driver usb
[    1.684186] PCI: Using ACPI for IRQ routing
[    1.686215] NetLabel: Initializing
[    1.691435] NetLabel:  domain hash size = 128
[    1.702497] NetLabel:  protocols = UNLABELED CIPSOv4
[    1.704499] NetLabel:  unlabeled traffic allowed by default
[    1.706322] amd_nb: Cannot enumerate AMD northbridges
[    1.710036] clocksource: Switched to clocksource kvm-clock
[    1.720710] AppArmor: AppArmor Filesystem Enabled
[    1.723647] pnp: PnP ACPI init
[   .726625] pn: nP ACPI: found 3 devices

[    1.887070] clocksource: acpi_pm: mask: 0xffffff max_cycles: 0xffffff, max_idle_ns: 2085701024 ns
[    1.890871] NET: Registered protocol family 2
[    1.892970] TCP established hash table entries: 16384 (order: 5, 131072 bytes)
[    1.896184] TCP bind hash table entries: 16384 (order: 6, 262144 bytes)
[    1.898940] TCP: Hash tables configured (established 16384 bind 16384)
[    1.901558] UDP hash table entries: 1024 (order: 3, 32768 bytes)
[    1.904014] UDP-Lite hash table entries: 1024 (order: 3, 32768 bytes)
[    1.906718] NET: Registered protocol family 1
[    .909007] pci 0000:00:00.0: Limiting direct PCI/PCI transfers
[    1.937534] pci 0000:00:01.0: Activating ISA DMA hngwokaounds
[   .047627] Unpacking initramfs...

[   3.758337] reeing initrd memory: 10908K

[    3.815753] RAPL PMU detected, API unit is 2^-32 Joules, 3 fixed counters 10737418240 ms ovfl timer
[    3.819513] hw unit of domain pp0-core 2^-0 Joules
[    3.821513] hw unit of domain package 2^-0 Joules
[    3.823542] hw unit of domain pp1-gpu 2^-0 Joules
[    3.831569] platform rtc_cmos: registered platform RTC device (no PNP device found)
[    3.835975] Scanning for low memory corruption every 60 seconds
[    3.842029] audit: initializing netlink subsys (disabled)
[    3.851035] audit: type=2000 audit(1530730909.399:1): initialized
[    3.855050] Initialise system trusted keyring
[    3.858546] HugeTLB registered 2 MB page size, pre-allocated 0 pages
[    3.864610] zbud: loaded
[    3.867331] VFS: Disk quotas dquot_6.6.0
[    3.872724] VFS: Dquot-cache hash table entries: 512 (order 0, 4096 bytes)
[    3.877539] squashfs: version 4.0 (2009/01/31) Phillip Lougher
[    3.883998] fuse init (API version 7.23)
[    3.887010] Key type big_key registered
[    3.891350] Allocating IMA MOK and blacklist keyrings.
[    3.898106] Key type asymmetric registered
[    3.900905] Asymmetric key parser 'x509' registered
[    3.904132] Block layer SCSI generic (bsg) driver version 0.4 loaded (major 249)
[    3.914966] io scheduler noop registered
[    3.925530] io scheduler deadline registered (default)
[    3.933646] io scheduler cfq registered
[    3.935516] pci_hotplug: PCI Hot Plug PCI Core version: 0.5
[    3.937970] pciehp: PCI Express Hot Plug Controller Driver version: 0.4
[    3.947610] ACPI: AC Adapter [AC] (on-line)
[    3.949420] input: Power Button as /devices/LNXSYSTM:00/LNXPWRBN:00/input/input0
[    3.952498] ACPI: Power Button [PWRF]
[    3.954208] input: Sleep Button as /devices/LNXSYSTM:00/LNXSLPBN:00/input/input1
[    3.957204] ACPI: Sleep Button [SLPF]
[    3.960429] GHES: HEST is not enabled!
[    3.961604] ACPI: Battery Slot [BAT0] (battery present)
[    3.963933] Serial: 8250/16550 driver, 32 ports, IRQ sharing enabled
[    3.992691] 00:02: ttyS0 at I/O 0x3f8 (irq = 4, base_baud = 115200) is a 16550A
[    4.000018] Linux agpgart interface v0.103
[    4.003510] loop: module loaded
[    4.005199] scsi host0: ata_piix
[    4.006467] scsi host1: ata_piix
[    4.007695] ata1: PATA max UDMA/33 cmd 0x1f0 ctl 0x3f6 bmdma 0xd000 irq 14
[    4.009696] ata2: PATA max UDMA/33 cmd 0x170 ctl 0x376 bmdma 0xd008 irq 15
[    4.011986] libphy: Fixed MDIO Bus: probed
[    4.019169] tun: Universal TUN/TAP device driver, 1.6
[    4.020817] tun: (C) 1999-2004 Max Krasnyansky <maxk@qualcomm.com>
[    4.024931] PPP generic driver version 2.4.2
[    4.026544] ehci_hcd: USB 2.0 'Enhanced' Host Controller (EHCI) Driver
[    4.028498] ehci-pci: EHCI PCI platform driver
[    4.030511] ehci-platform: EHCI generic platform driver
[    4.036083] ohci_hcd: USB 1.1 'Open' Host Controller (OHCI) Driver
[    4.039103] ohci-pci: OHCI PCI platform driver
[    4.051795] ohci-platform: OHCI generic platform driver
[    4.053352] uhci_hcd: USB Universal Host Controller Interface driver
[    4.055377] i8042: PNP: PS/2 Controller [PNP0303:PS2K,PNP0f03:PS2M] at 0x60,0x64 irq 1,12
[    4.058402] serio: i8042 KBD port at 0x60,0x64 irq 1
[    4.060229] serio: i8042 AUX port at 0x60,0x64 irq 12
[    4.062105] mousedev: PS/2 mouse device common for all mice
[    4.064110] input: AT Translated Set 2 keyboard as /devices/platform/i8042/serio0/input/input2
[    4.069583] rtc_cmos rtc_cmos: rtc core: registered rtc_cmos as rtc0
[    4.083735] rtc_cmos rtc_cmos: alarms up to one day, 114 bytes nvram
[    4.085678] i2c /dev entries driver
[    4.086936] device-mapper: uevent: version 1.0.3
[    4.088527] device-mapper: ioctl: 4.34.0-ioctl (2015-10-28) initialised: dm-devel@redhat.com
[    4.091122] ledtrig-cpu: registered to indicate activity on CPUs
[    4.097936] NET: Registered protocol family 10
[    4.105518] NET: Registered protocol family 17
[    4.108084] Key type dns_resolver registered
[    4.110169] registered taskstats version 1
[    4.111450] Loading compiled-in X.509 certificates
[    4.113524] Loaded X.509 cert 'Build time autogenerated kernel key: b3e0fe4bcd6378c38a2c0a4648abbc1fa5043a22'
[    4.117328] zswap: loaded using pool lzo/zbud
[    4.127103] Key type trusted registered
[    4.132745] Key type encrypted registered
[    4.134696] AppArmor: AppArmor sha1 policy hashing enabled
[    4.136297] ima: No TPM chip found, activating TPM-bypass!
[    4.137953] ima: Allocated hash algorithm: sha1
[    4.140471] evm: HMAC attrs: 0x1
[    4.143984]   Magic number: 10:283:40
[    4.151188] bdi 7:5: hash matches
[    4.152363] rtc_cmos rtc_cmos: setting system clock to 2018-07-04 19:01:45 UTC (1530730905)
[    4.155118] BIOS EDD facility v0.16 2004-Jun-25, 0 devices found
[    4.159946] EDD information not available.
[    4.175742] Freeing unused kernel memory: 1516K
[    4.179578] Write protecting the kernel read-only data: 14336k
[    4.189771] Freeing unused kernel memory: 1680K
[    4.191604] Freeing unused kernel memory: 96K
Loading, please wait...
starting version 229
[    4.207378] random: systemd-udevd: uninitialized urandom read (16 bytes read, 3 bits of entropy available)
[    4.207547] random: udevadm: uninitialized urandom read (16 bytes read, 3 bits of entropy available)
[    4.207579] random: udevadm: uninitialized urandom read (16 bytes read, 3 bits of entropy available)
[    4.221374] random: udevadm: uninitialized urandom read (16 bytes read, 3 bits of entropy available)
[    4.221442] random: udevadm: uninitialized urandom read (16 bytes read, 3 bits of entropy available)
[    4.221588] random: udevadm: uninitialized urandom read (16 bytes read, 3 bits of entropy available)
[    4.221651] random: udevadm: uninitialized urandom read (16 bytes read, 3 bits of entropy available)
[    4.221704] random: udevadm: uninitialized urandom read (16 bytes read, 3 bits of entropy available)
[    4.221761] random: udevadm: uninitialized urandom read (16 bytes read, 3 bits of entropy available)
[    4.221812] random: udevadm: uninitialized urandom read (16 bytes read, 3 bits of entropy available)
[    4.306611] Fusion MPT base driver 3.04.20
[    4.308238] Copyright (c) 1999-2008 LSI Corporation
[    4.315546] e1000: Intel(R) PRO/1000 Network Driver - version 7.3.21-k8-NAPI
[    4.329373] e1000: Copyright (c) 1999-2006 Intel Corporation.
[    4.340348] Fusion MPT SPI Host driver 3.04.20
[    4.345023] AVX version of gcm_enc/dec engaged.
[    4.346963] AES CTR mode by8 optimization enabled
[    4.559837] input: ImExPS/2 Generic Explorer Mouse as /devices/platform/i8042/serio1/input/input4
[    4.762655] e1000 0000:00:03.0 eth0: (PCI:33MHz:32-bit) 02:f6:92:8e:b0:b4
[    4.789042] e1000 0000:00:03.0 eth0: Intel(R) PRO/1000 Network Connection
[    4.791968] mptbase: ioc0: Initiating bringup
[    4.792482] e1000 0000:00:03.0 enp0s3: renamed from eth0
[    4.834561] tsc: Refined TSC clocksource calibration: 3004.963 MHz
[    4.839774] clocksource: tsc: mask: 0xffffffffffffffff max_cycles: 0x2b5095c6e41, max_idle_ns: 440795296429 ns
[    4.867410] ioc0: LSI53C1030 A0: Capabilities={Initiator}
[    5.056682] scsi host2: ioc0: LSI53C1030 A0, FwRev=00000000h, Ports=1, MaxQ=256, IRQ=20
[    5.183381] scsi 2:0:0:0: Direct-Access     VBOX     HARDDISK         1.0  PQ: 0 ANSI: 5
[    5.186841] scsi target2:0:0: Beginning Domain Validation
[    5.200851] scsi target2:0:0: Domain Validation skipping write tests
[    5.203269] scsi target2:0:0: Ending Domain Validation
[    5.205489] scsi target2:0:0: asynchronous
[    5.212036] scsi 2:0:1:0: Direct-Access     VBOX     HARDDISK         1.0  PQ: 0 ANSI: 5
[    5.219682] scsi target2:0:1: Beginning Domain Validation
[    5.225497] scsi target2:0:1: Domain Validation skipping write tests
[    5.227503] scsi target2:0:1: Ending Domain Validation
[    5.229849] scsi target2:0:1: asynchronous
[    5.239776] sd 2:0:0:0: [sda] 20971520 512-byte logical blocks: (10.7 GB/10.0 GiB)
[    5.240263] sd 2:0:0:0: Attached scsi generic sg0 type 0
[    5.246437] sd 2:0:0:0: [sda] Write Protect is off
[    5.246723] sd 2:0:1:0: Attached scsi generic sg1 type 0
[    5.250849] sd 2:0:1:0: [sdb] 20480 512-byte logical blocks: (10.5 MB/10.0 MiB)
[    5.251206] sd 2:0:1:0: [sdb] Write Protect is off
[    5.251442] sd 2:0:1:0: [sdb] Incomplete mode parameter data
[    5.251443] sd 2:0:1:0: [sdb] Assuming drive cache: write through
[    5.254274] sd 2:0:1:0: [sdb] Attached SCSI disk
[    5.284056] sd 2:0:0:0: [sda] Incomplete mode parameter data
[    5.286014] sd 2:0:0:0: [sda] Assuming drive cache: write through
[    5.291683]  sda: sda1
[    5.293521] sd 2:0:0:0: [sda] Attached SCSI disk
Begin: Loading essential drivers ... [    6.639492] md: linear personality registered for level -1
[    6.644134] md: multipath personality registered for level -4
[    6.648511] md: raid0 personality registered for level 0
[    6.653060] md: raid1 personality registered for level 1
[    6.726261] raid6: sse2x1   gen()  9140 MB/s
[    6.794278] raid6: sse2x1   xor()  7524 MB/s
[    6.862316] raid6: sse2x2   gen() 11262 MB/s
[    6.930248] raid6: sse2x2   xor()  8043 MB/s
[    6.998103] raid6: sse2x4   gen() 13765 MB/s
[    7.066574] raid6: sse2x4   xor() 10118 MB/s
[    7.068051] raid6: using algorithm sse2x4 gen() 13765 MB/s
[    7.070209] raid6: .... xor() 10118 MB/s, rmw enabled
[    7.076381] raid6: using ssse3x2 recovery algorithm
[    7.079964] xor: automatically using best checksumming function:
[    7.126603]    avx       : 29864.000 MB/sec
[    7.130033] async_tx: api initialized (async)
[    7.140376] md: raid6 personality registered for level 6
[    7.143379] md: raid5 personality registered for level 5
[    7.144972] md: raid4 personality registered for level 4
[    7.153325] md: raid10 personality registered for level 10
done.
Begin: Running /scripts/init-premount ... done.
Begin: Mounting root file system ... Begin: Running /scripts/local-top ... done.
Begin: Running /scripts/local-premount ... [    7.185990] Btrfs loaded
Scanning for Btrfs filesystems
done.
Warning: fsck not present, so skipping root file system
[    7.227304] EXT4-fs (sda1): mounted filesystem with ordered data mode. Opts: (null)
done.
Begin: Running /scripts/local-bottom ... done.
Begin: Running /scripts/init-bottom ... done.
[    7.428620] systemd[1]: systemd 229 running in system mode. (+PAM +AUDIT +SELINUX +IMA +APPARMOR +SMACK +SYSVINIT +UTMP +LIBCRYPTSETUP +GCRYPT +GNUTLS +ACL +XZ -LZ4 +SECCOMP +BLKID +ELFUTILS +KMOD -IDN)
[    7.440503] systemd[1]: Detected virtualization oracle.
[    7.443971] systemd[1]: Detected architecture x86-64.

Welcome to [1mUbuntu 16.04.4 LTS[0m!

[    7.463677] systemd[1]: Set hostname to <ubuntu>.
[    7.472510] systemd[1]: Initializing machine ID from random generator.
[    7.474444] systemd[1]: Installed transient /etc/machine-id file.
[  76525] systemd[1]: Listening on Journal Socket (/dev/log).
[[0;32m  OK  [0m] Listening on Journal Socket (/dev/log).
[   7.794320] systemd[1]: Listening on LVM2 poll daemon socket.
[[0;32m  OK  [0m] Listening on LVM2 poll daemon socket.
[   .8904]systemd[1]: Created slice User and Session Slice.
[[0;32m  OK  [0m] Created slice User and Session Slice.
[    8.005021] systemd[1]: Reached target Encrypted Volumes.
[[0;32m  OK  [0m] Reached target Encrypted Volumes.
[    8.011309] systemd[1]: Listening on /dev/initctl Compatibility Named Pipe.
[[0;32m  OK  [0m] Listening on /dev/initctl Compatibility Named Pipe.
[    8.795950] systemd[1]: Reached target User and Group Name Lookups.
[[0;32m  OK  [0m] Reached target User and Group Name Lookups.
[    8.848943] systemd[1]: Listening on ude CntolSoke.
[[0;32m  OK  [0m] Listening on udev Control Socket.
[    8.999295] systemd[1]: Started Forward Password Requests to Wall Directory Watch.
[[0;32m  OK  [0m] Started Forward Password Requests to Wall Directory Watch.
[    9.007029] systemd[1]: Listening on Journal Audit Socket.
[[0;32m  OK  [0m] Listening on Journal Audit Socket.
[    9.012205] systemd[1]: Created slice System Slice.
[[0;32m  OK  [0m] Created slice System Slice.
[    9.016992] systemd[1]: Reached target Slices.
[[0;32m  OK  [0m] Reached target Slices.
[   .30836] systemd[1]: Listening on Device-mapper event daemon FIFOs.
[[0;32m  OK  [0m] Listening on Device-mapper event daemon FIFOs.
[    9.467556] systemd[1]: Reached target Swap.
[[0;32m  OK  [0m] Reached target Swap.
[   9.472762] sysem[1]: Set up automount Arbitrary Executable File Formats File System Automount Point.
[[0;32m  OK  [0m] Set up automount Arbitrary Executab...ats File System Automount Point.
[    9.799813] systemd[1]: Started Trigger resolvconf update for networkd DNS.
[[0;32m  OK  [0m] Started Trigger resolvconf update for networkd DNS.
[    9.806135] systemd[1]: Listening on LVM2 metadata daemon socke.
[[0;32m  OK  [0m] Listening on LVM2 metadata daemon socket.
[    9.843218] systemd[1]: Listening on Journal Socket.
[[0;32m  OK  [0m] Listening on Journal Socket.
[    9.858772] systemd[1]: Starting Create list of required static device nodes for the current kernel...
         Starting Create list of required st... nodes for the current kernel...
[    9.869150] systemd[1]: Mounting POSIX Message Queue File System...
         Mounting POSIX Message Queue File System...
[    9.880599] systemd[1]: Starting Nameserver information manager...
         Starting Nameserver information manager...
[    9.899168] systemd[1]: Starting Monitoring of LVM2 mirrors, snapshots etc. using dmeventd or progress polling...
         Starting Monitoring of LVM2 mirrors... dmeventd or progress polling...
[    9.916476] systemd[1]: Mounting Huge Pages File System...
         Mounting Huge Pages File System...
[    9.930449] systemd[1]: Starting Set console keymap...
         Starting Set console keymap...
[    9.950884] systemd[1]: Created slice system-serial\x2dgetty.slice.
[[0;32m  OK  [0m] Created slice system-serial\x2dgetty.slice.
[    9.969358] systemd[1]: Mounting Debug File System...
         Mounting Debug File System...
[   10.015020] systemd[1]: Starting Uncomplicated firewall...
         Starting Uncomplicated firewall...
[   10.095016] systemd[1]: Starting Remount Root and Kernel File Systems...
         Starting Remount[   10.124376] EXT4-fs (sda1): re-mounted. Opts: (null)
 Root and Kernel File Systems...
[   10.147375] systemd[1]: Listening on udev Kernel Socket.
[[0;32m  OK  [0m] Listening on udev Kernel Socket.
[   10.170561] systemd[1]: Starting Load Kernel Modules...
         Starting Load Kernel Modules...
[   10.177658] systemd[1]: Reached target System Time Synchronized.
[[0;32m  OK  [0m] Reached target System Time Synchronized.
[   10.184932] systemd[1]: Listening on Syslog Socket.
[   10.191766] Loading iSCSI transport class v2.0-870.
[[0;32m  OK  [0m] [   10.201270] iscsi: registered transport (tcp)
Listening on Syslog Socket.
[   10.230720] systemd[1]: Starting Journal Service...
[   10.233579] iscsi: registered transport (iser)
         Starting Journal Service...
[   10.245153] systemd[1]: Mounted Huge Pages File System.
[[0;32m  OK  [0m] Mounted Huge Pages File System.
[   10.257688] systemd[1]: Mounted Debug File System.
[[0;32m  OK  [0m] Mounted Debug File System.
[   10.276452] systemd[1]: Mounted POSIX Message Queue File System.
[[0;32m  OK  [0m] Mounted POSIX Message Queue File System.
[   10.283524] systemd[1]: Started Journal Service.
[[0;32m  OK  [0m] Started Journal Service.
[[0;32m  OK  [0m] Started Create list of required sta...ce nodes for the current kernel.
[[0;32m  OK  [0m] Started Set console keymap.
[[0;32m  OK  [0m] Started Uncomplicated firewall.
[[0;32m  OK  [0m] Started Remount Root and Kernel File Systems.
[[0;32m  OK  [0m] Started Load Kernel Modules.
[[0;32m  OK  [0m] Started Nameserver information manager.
[[0;32m  OK  [0m] Started LVM2 metadata daemon.
         Mounting FUSE Control File System...
         Starting Apply Kernel Variables...
         Starting udev Coldplug all Devices...
         Starting Load/Save Random Seed...
         Starting Create Static Device Nodes in /dev...
         Starting Flush Journal to Persistent Storage...
[[0;32m  OK  [0m] Mounted FUSE Control File System.
[[0;32m  OK  [0m] Started Apply Kernel Variables.
[[0;32m  OK  [0m] Started Load/Save Random Seed.
[[0;32m  OK  [0m] Started Create Static Device Nodes in /dev.
[[0;32m  OK  [0m] Started udev Coldplug all Devices.
[[0;32m  OK  [0m] Started Flush Journal to Persistent Storage.
         Starting udev Kernel Device Manager...
[[0;32m  OK  [0m] Started Monitoring of LVM2 mirrors,...ng dmeventd or progress polling.
[[0;32m  OK  [0m] Started udev Kernel Device Manager.
[[0;32m  OK  [0m] Reached target Local File Systems (Pre).
[[0;32m  OK  [0m] Reached target Local File Systems.
         Starting LSB: AppArmor initialization...
         Starting Commit a transient machine-id on disk...
         Starting Set console font and keymap...
         Starting Initial cloud-init job (pre-networking)...
         Starting Tell Plymouth To Write Out Runtime Data...
         Starting Create Volatile Files and Directories...
[[0;32m  OK  [0m] Started Dispatch Password Requests to Console Directory Watch.
[[0;32m  OK  [0m] Started Tell Plymouth To Write Out Runtime Data.
[[0;32m  OK  [0m] Started Create Volatile Files and Directories.
[[0;32m  OK  [0m] Started Commit a transient machine-id on disk.
         Starting Update UTMP about System Boot/Shutdown...
[[0;32m  OK  [0m] Started Update UTMP about System Boot/Shutdown.
[[0;32m  OK  [0m] Found device /dev/ttyS0.
[[0;32m  OK  [0m] Listening on Load/Save RF Kill Switch Status /dev/rfkill Watch.
[[0;32m  OK  [0m] Started Set console font and keymap.
[   11.634772] cloud-init[479]: Cloud-init v. 18.2 running 'init-local' at Wed, 04 Jul 2018 19:01:53 +0000. Up 11.11 seconds.
[[0;32m  OK  [0m] Started LSB: AppArmor initialization.
[[0;32m  OK  [0m] Started Initial cloud-init job (pre-networking).
[[0;32m  OK  [0m] Reached target Network (Pre).
         Starting Raise network interfaces...
[[0;32m  OK  [0m] Created slice system-getty.slice.
[[0;32m  OK  [0m] Started Raise network interfaces.
[[0;32m  OK  [0m] Reached target Network.
         Starting Initial cloud-init job (metadata service crawler)...
[   13.470245] cloud-init[951]: Cloud-init v. 18.2 running 'init' at Wed, 04 Jul 2018 19:01:55 +0000. Up 12.57 seconds.
[   13.475519] cloud-init[951]: ci-info: +++++++++++++++++++++++++++++++++++++Net device info++++++++++++++++++++++++++++++++++++++
[   13.484430] cloud-init[951]: ci-info: +--------+------+----------------------------+---------------+-------+-------------------+
[   13.491092] cloud-init[951]: ci-info: | Device |  Up  |          Address           |      Mask     | Scope |     Hw-Address    |
[   13.500178] cloud-init[951]: ci-info: +--------+------+----------------------------+---------------+-------+-------------------+
[   13.508543] cloud-init[951]: ci-info: | enp0s3 | True |         10.0.2.15          | 255.255.255.0 |   .   | 02:f6:92:8e:b0:b4 |
[   13.541179] cloud-init[951]: ci-info: | enp0s3 | True | fe80::f6:92ff:fe8e:b0b4/64 |       .       |  link | 02:f6:92:8e:b0:b4 |[[0;32m  OK  [0m] Started Initial cloud-init job (metadata service crawler).

[   13.556601] cloud-init[951]: ci-info: |   lo   | True |         127.0.0.1          |   255.0.0.0   |   .   |         .         |
[   13.557224] cloud-init[951]: ci-info: |   lo   | True |          ::1/128           |       .       |  host |         .         |
[   13.559902] cloud-init[951]: ci-info: +--------+------+----------------------------+---------------+-------+-------------------+
[   13.569673] cloud-init[951]: ci-info: +++++++++++++++++++++++++++Route IPv4 info++++++++++++++++++++++++++++
[   13.570858] cloud-init[951]: ci-info: +-------+-------------+----------+---------------+-----------+-------+
[[0;32m  OK  [0m] Reached target Cloud-config availability.
[   13.573119] cloud-init[951]: ci-info: | Route | Destination | Gateway  |    Genmask    | Interface | Flags |
[   13.586974] cloud-init[951]: ci-info: +-------+-------------+----------+---------------+-----------+-------+
[[0;32m  OK  [0m] Reached target System Initialization.
[[   13.587347] cloud-init[951]: ci-info: |   0   |   0.0.0.0   | 10.0.2.2 |    0.0.0.0    |   enp0s3  |   UG  |
[   13.598637] cloud-init[951]: ci-info: |   1   |   10.0.2.0  | 0.0.0.0  | 255.255.255.0 |   enp0s3  |   U   |
[0;32m  OK  [0m] Listening on ACPID Listen Socket.
[   13.599056] cloud-init[951]: ci-info: +-------+-------------+----------+---------------+-----------+-------+
         [   13.611916] Starting Socket activation for snappy daemon.cloud-init
[951]: Generating public/private rsa key pair.
[   13.612843] cloud-init[951]: Your identification has been saved in /etc/ssh/ssh_host_rsa_key.
[   13.635585] cloud-init[951]: Your public key has been saved in /etc/ssh/ssh_host_rsa_key.pub.
[[0;32m  OK  [0m] Listening on UUID daemon activation socket.
[[   13.636936] cloud-init[951]: The key fingerprint is:
[   13.650736] cloud-init[951]: SHA256:5MMSouHqIib1C0c8pRSRJ2YPxGCA3QOFJSqjtiKOtCY root@ubuntu-xenial
[   13.652967] cloud-init[951]: The key's randomart image is:
[   13.656735] cloud-init[951]: +---[RSA 2048]----+
[0;32m  OK  [0m] Started Daily Cleanup of Temporary Directories.
[   13.657945] cloud-init[951]: |oo=X*o           |
[   13.673148] cloud-init[951]: |.oo.X..          |
[   13.673673] cloud-init[951]: |+ .oo*o .        |
[   13.676306] cloud-init[951]: |oo = +.=         |
[   13.677703] cloud-init[951]: |..o = . S        |
[   13.680199] cloud-init[951]: |..o. . . .       |
[   13.681732] cloud-init[951]: |++...            |
[   13.683859] cloud-init[951]: |Eo.o.            |
[   13.685013] cloud-init[951]: |O+  ..           |
         Starting LXD - unix socket.
[   13.686702] cloud-init[951]: +----[SHA256]-----+
[   13.704684] cloud-init[951]: Generating public/private dsa key pair.
[   13.705166] cloud-init[951]: Your identification has been saved in /etc/ssh/ssh_host_dsa_key.
[[0;32m  OK  [0m] Listening on D-Bus System Message Bus Socket.
[   13.705672] cloud-init[951]: Your public key has been saved in /etc/ssh/ssh_host_dsa_key.pub.
[   13.718006] cloud-init[951]: The key fingerprint is:
[   13.718879] cloud-init[951]: SHA256:DjIy++f4iUGTURz7pEOr5o+pm3Rc8cRMYyYtYQV9300 root@ubuntu-xenial
[[0;32m  OK  [0m] Started ACPI Events Check.
[[   13.719257] cloud-init[951]: The key's randomart image is:
[   13.753012] cloud-init[951]: +---[DSA 1024]----+
[0;32m  OK  [0m] Reached target Paths.
[[   13.754753] cloud-init[951]: |     .BB*        |
[   13.760770] cloud-init[951]: |     ooOo..     E|
[   13.762237] cloud-init[951]: |    . +.=. . . o |
[0;32m  OK  [0m] Started Daily apt download activities.
[   13.762839] cloud-init[951]: |     + O    . . .|
[   13.774248] cloud-init[951]: |  o * * S        |
[[0;32m  OK  [0m] Started Daily apt upgrade and clean activities.
[[   13.774695] cloud-init[951]: |   * * +         |
[   13.783865] cloud-init[951]: |  o *   .        |
[   13.785905] cloud-init[951]: | . * *..         |
[0;32m  OK  [0m] Reached target Timers.
[[   13.786589] cloud-init[951]: |  +oB==          |
[   13.801932] cloud-init[951]: +----[SHA256]-----+
[0;32m  OK  [0m] Reached target Network is Online.
[   13.803415] cloud-init[951]: Generating public/private ecdsa key pair.
[   13.816655] cloud-init[951]: Your identification has been saved in /etc/ssh/ssh_host_ecdsa_key.
[   13.820967] cloud-init[951]: Your public key has been saved in /etc/ssh/ssh_host_ecdsa_key.pub.
[   13.827338] cloud-init[951]: The key fingerprint is:
[   13.831992] cloud-init[951]: SHA256:bPf4sPifKxgvM6OujN1YBpwKMl7+hJi2wXKmV6uVZWY root@ubuntu-xenial
[   13.836713] cloud-init[951]: The key's randomart image is:
         Starting iSCSI initiator daemon (iscsid)...
[   13.843407] [[0;32m  OK  [0m] Listening on Socket activation for snappy daemon.
[[0;32m  OK  [0m] Listening on LXD - unix socket.
[[0;32m  OK  [0m] Reached target Sockets.
[[0;32m  OK  [0m] Reached target Basic System.
         Starting Pollinate to seed the pseudo random number generator...
         Starting Login Service...
[[0;32m  OK  [0m] Started Deferred execution scheduler.
         Starting /etc/rc.local Compatibility...
         Starting Virtualbox guest utils...
         Starting LSB: MD monitoring daemon...
[[0;32m  OK  [0m] Started ACPI event daemon.
         Starting Apply the settings specified in cloud-config...
         Starting Accounts Service...
         Starting LXD - container startup/shutdown...
         Starting Snappy daemon...
         Starting LSB: Record successful boot for GRUB...
[[0;32m  OK  [0m] Started FUSE filesystem for LXC.
[[0;32m  OK  [0m] Started D-Bus System Message Bus.
cloud-init[951]: +---[ECDSA 256]---+
[   13.955229] cloud-init[951]: |                 |
[   13.959181] cloud-init[951]: |                 |
[   13.978902] cloud-init[951]: |                 |
[   13.994467] cloud-init[951]: |   . . .         |
[   14.020792] cloud-init[951]: |+  .+ E S .      |
[   14.026536] cloud-init[951]: |+o=.oB ... o     |
[   14.033018] cloud-init[951]: |.B++ooo  +o .    |
[   14.038092] cloud-init[951]: |o++=+=  *.o+ .   |
[[0;32m  OK  [0m] Started Unattended Upgrades Shutdown.
[   14.060891] cloud-init[951]: |.oo.=++..*oo=.   |
[   14.095887] cloud-init[951]: +----[SHA256]-----+
[   14.108446] cloud-init[951]: Generating public/private ed25519 key pair.
[[0;32m  OK  [0m] Started Regular background program processing daemon.
[   14.125353] cloud-init[951]: Your identification has been saved in /etc/ssh/ssh_host_ed25519_key.
         Starting System Logging Service...
[   14.143278] cloud-init[951]: Your public key has been saved in /etc/ssh/ssh_host_ed25519_key.pub.
[[0;32m  OK  [0m] Started /etc/rc.local Compatibility.
[   14.152263] cloud-init[951]: The key fingerprint is:
[[0;32m  OK  [0m] Started iSCSI initiator daemon (iscsid).
[[0;32m  OK  [0m] Started LXD - container startup/shutdown.
[[0;32m  OK  [0m] Started System Logging Service.
[   14.194567] cloud-init[951]: SHA256:7u3HVAuQN1o/0SQzgIJ1LNhbs8CazFl7Qk9egSNmhnU root@ubuntu-xenial
[   14.216720] cloud-init[951]: The key's randomart image is:
[   14.232163] cloud-init[951]: +--[ED25519 256]--+
[   14.240808] cloud-init[951]: |       Oo.E+oo+o.|
[   14.275580] [[0;32m  OK  [0m] Started Login Service.
cloud-init[951]: |      + &o@ = .+.|
         Starting Authenticate and Authorize Users to Run Privileged Tasks...
[   14.363841] cloud-init[951]: |     o X % X o . |
[   14.401192] cloud-init[951]: |      * + * . +  |
         Starting Login to default iSCSI targets...
[[0;32m  OK  [0m] Started Snappy daemon.
[[0;32m  OK  [0m] Started LSB: MD monitoring daemon.
[[0;32m  OK  [0m] Started LSB: Record successful boot for GRUB.
[[0;32m  OK  [0m] Started Virtualbox guest utils.
[[0;32m  OK  [0m] Started Authenticate and Authorize Users to Run Privileged Tasks.
[[0;32m  OK  [0m] Started Accounts Service.
[   14.431667] cloud-init[951]: |        So   o o |
         Starting Wait until snapd is fully seeded...
[   14.608410] cloud-init[951]: |       .    . .  |
[[0;32m  OK  [0m] Started Login to default iSCSI targets.
[   14.677080] cloud-init[951]: |        .  o     |
[[0;32m  OK  [0m] Reached target Remote File Systems (Pre).
[   14.732947] cloud-init[951]: |       . .  o    |
[[0;32m  OK  [0m] Reached target Remote File Systems.
[   14.757572] cloud-init[951]: |        ..o.     |
[   14.772926] cloud-init[951]: +----[SHA256]-----+
         Starting LSB: daemon to balance interrupts for SMP systems...
         Starting LSB: automatic crash report generation...
         Starting LSB: Set the CPU Frequency Scaling governor to "ondemand"...
         Starting Permit User Sessions...
[[0;32m  OK  [0m] Started Permit User Sessions.
         Starting Hold until boot process finishes up...
         Starting Terminate Plymouth Boot Screen...
[[0;32m  OK  [0m] Started LSB: daemon to balance interrupts for SMP systems.
[[0;32m  OK  [0m] Started LSB: Set the CPU Frequency Scaling governor to "ondemand".
[[0;32m  OK  [0m] Started Hold until boot process finishes up.
[[0;32m  OK  [0m] Started Terminate Plymouth Boot Screen.
[   14.956696] [cloud-init[0;32m  OK  [0m[1061]: ] Generating locales (this might take a while)...Started Serial Getty on ttyS0.

         Starting Set console scheme...
[[0;32m  OK  [0m] Started Getty on tty1.
[[0;32m  OK  [0m] Reached target Login Prompts.
[[0;32m  OK  [0m] Started LSB: automatic crash report generation.
[[0;32m  OK  [0m] Started Set console scheme.
[[0;32m  OK  [0m] Started Pollinate to seed the pseudo random number generator.
         Starting OpenBSD Secure Shell server...
[[0;32m  OK  [0m] Started OpenBSD Secure Shell server.
[   16.008469] cloud-init[1061]:   en_US.UTF-8... done
[   16.011966] cloud-init[1061]: Generation complete.
[   16.367778] cloud-init[1061]: Cloud-init v. 18.2 running 'modules:config' at Wed, 04 Jul 2018 19:01:57 +0000. Up 14.68 seconds.
[[0;32m  OK  [0m] Started Apply the settings specified in cloud-config.
[[0;32m  OK  [0m] Started Wait until snapd is fully seeded.
[[0;32m  OK  [0m] Reached target Multi-User System.
         Starting Execute cloud user/final scripts...
[[0;32m  OK  [0m] Reached target Graphical Interface.
         Starting Update UTMP about System Runlevel Changes...
[[0;32m  OK  [0m] Started Update UTMP about System Runlevel Changes.
[[0;32m  OK  [0m] Created slice User Slice of vagrant.
         Starting User Manager for UID 1000...
[[0;32m  OK  [0m] Started Session 1 of user vagrant.
[[0;32m  OK  [0m] Started User Manager for UID 1000.
ci-info: no authorized ssh keys fingerprints found for user ubuntu.
<14>Jul  4 19:02:01 ec2: 
<14>Jul  4 19:02:01 ec2: #############################################################
<14>Jul  4 19:02:01 ec2: -----BEGIN SSH HOST KEY FINGERPRINTS-----
<14>Jul  4 19:02:01 ec2: 1024 SHA256:DjIy++f4iUGTURz7pEOr5o+pm3Rc8cRMYyYtYQV9300 root@ubuntu-xenial (DSA)
<14>Jul  4 19:02:01 ec2: 256 SHA256:bPf4sPifKxgvM6OujN1YBpwKMl7+hJi2wXKmV6uVZWY root@ubuntu-xenial (ECDSA)
<14>Jul  4 19:02:01 ec2: 256 SHA256:7u3HVAuQN1o/0SQzgIJ1LNhbs8CazFl7Qk9egSNmhnU root@ubuntu-xenial (ED25519)
<14>Jul  4 19:02:01 ec2: 2048 SHA256:5MMSouHqIib1C0c8pRSRJ2YPxGCA3QOFJSqjtiKOtCY root@ubuntu-xenial (RSA)
<14>Jul  4 19:02:01 ec2: -----END SSH HOST KEY FINGERPRINTS-----
<14>Jul  4 19:02:01 ec2: #############################################################
-----BEGIN SSH HOST KEY KEYS-----
ecdsa-sha2-nistp256 AAAAE2VjZHNhLXNoYTItbmlzdHAyNTYAAAAIbmlzdHAyNTYAAABBBPtYrgR/hOQ7t0iAocmKzpt/Unjc5MLnMldPkfqNY95F+Yci5IVNxWA3xxlTHwnqgn+HnjXGpG4CRR/fE8nXyi0= root@ubuntu-xenial
ssh-ed25519 AAAAC3NzaC1lZDI1NTE5AAAAINcq6kFNdDp0CU90ZaI0Y+8JWoF+mrf8CgHOX5QGgEVH root@ubuntu-xenial
ssh-rsa AAAAB3NzaC1yc2EAAAADAQABAAABAQDK7ghERgs/VKdp3KpC3vIZ+HpcR+usuH/hZ1EUIkkkRIhi6B7m17DeL8FigFLEx7L+4RyY4o/qtp3hJeFXIruSBYdJzaiP9SPGIRRvqVNW8Q9XtlT763/ZHtzsEyDPQqLtHtCo4xW415Y6nJSdf7aBNWYw0aQ325k2MAY3IiEg+pPhOlTbzT3A7yEff/X4VwBn2vlwONEtHQ0t/jhQL4I7UCzinxG40lJWpsK+NL90MwQvDupie1W5aJjfzHXrFvKynr3hDt0jabPx23lH+jXNSV++wXsyQ4ILF7Y3Ie9Lyi5E7BwWsf7yEusAvdE163CNSlZb0G0S+UytP9+BhXrH root@ubuntu-xenial
-----END SSH HOST KEY KEYS-----
[   19.391560] cloud-init[1305]: Cloud-init v. 18.2 running 'modules:final' at Wed, 04 Jul 2018 19:02:01 +0000. Up 18.51 seconds.
[[   19.530359] cloud-init[1305]: ci-info: no authorized ssh keys fingerprints found for user ubuntu.
[0;32m  OK  [0m] Started Execute cloud user/final scripts.
[   19.530638] cloud-init[1305]: Cloud-init v. 18.2 finished at Wed, 04 Jul 2018 19:02:01 +0000. Datasource DataSourceNoCloud [seed=/dev/sdb][dsmode=net].  Up 19.37 seconds
[[0;32m  OK  [0m] Reached target Cloud-init target.

Ubuntu 16.04.4 LTS ubuntu-xenial ttyS0

ubuntu-xenial login: 